<?xml version="1.0" encoding="UTF-8"?>
<robot generator="Robot 4.1.1 (Python 3.9.7 on win32)" generated="20211027 07:11:00.583" rpa="false" schemaversion="2">
<suite id="s1" name="Login" source="C:\RobotXpert\bodytest\tests\login.robot">
<kw name="Start Browser Session" library="base" type="SETUP">
<kw name="New Browser" library="Browser">
<arg>chromium</arg>
<arg>False</arg>
<tag>BrowserControl</tag>
<tag>Setter</tag>
<doc>Create a new playwright Browser with specified options.</doc>
<msg timestamp="20211027 07:11:01.895" level="INFO">{"browser": "chromium", "headless": false, "handleSIGINT": true, "handleSIGTERM": true, "handleSIGHUP": true, "timeout": 30000.0, "devtools": false, "slowMo": 0.0, "tracesDir": "C:\\RobotXpert\\bodytest\\logs\\browser\\traces\\9f496da7-3b5f-4f56-a97d-d29546e8f2b8"}</msg>
<msg timestamp="20211027 07:11:02.334" level="INFO">Successfully created browser with options: {"browser":"chromium","headless":false,"handleSIGINT":true,"handleSIGTERM":true,"handleSIGHUP":true,"timeout":30000,"devtools":false,"slowMo":0,"tracesDir":"C:\\RobotXpert\\bodytest\\logs\\browser\\traces\\9f496da7-3b5f-4f56-a97d-d29546e8f2b8"}</msg>
<status status="PASS" starttime="20211027 07:11:01.894" endtime="20211027 07:11:02.335"/>
</kw>
<kw name="New Page" library="Browser">
<arg>about:blank</arg>
<tag>BrowserControl</tag>
<tag>Setter</tag>
<doc>Open a new Page. A Page is the Playwright equivalent to a tab.
See `Browser, Context and Page` for more information about Page concept.
Returns a stable identifier for the created page.</doc>
<msg timestamp="20211027 07:11:02.696" level="INFO">Successfully initialized new page object and opened url: about:blank</msg>
<msg timestamp="20211027 07:11:02.697" level="INFO">No context was open. New context was automatically opened when this page is created.</msg>
<status status="PASS" starttime="20211027 07:11:02.335" endtime="20211027 07:11:02.697"/>
</kw>
<status status="PASS" starttime="20211027 07:11:01.894" endtime="20211027 07:11:02.697"/>
</kw>
<test id="s1-t1" name="Login do administrador">
<kw name="Go To Login Page" library="auth">
<kw name="Go To" library="Browser">
<arg>https://bodytest-web-rogerio.herokuapp.com</arg>
<tag>BrowserControl</tag>
<tag>Setter</tag>
<doc>Navigates to the given ``url``.</doc>
<msg timestamp="20211027 07:11:05.141" level="INFO">Successfully opened URL https://bodytest-web-rogerio.herokuapp.com</msg>
<status status="PASS" starttime="20211027 07:11:02.706" endtime="20211027 07:11:05.142"/>
</kw>
<status status="PASS" starttime="20211027 07:11:02.705" endtime="20211027 07:11:05.142"/>
</kw>
<kw name="Login With" library="auth">
<arg>admin@bodytest.com</arg>
<arg>pwd123</arg>
<kw name="Fill Text" library="Browser">
<arg>css=input[name=email]</arg>
<arg>${email}</arg>
<tag>PageContent</tag>
<tag>Setter</tag>
<doc>Clears and fills the given ``txt`` into the text field found by ``selector``.</doc>
<msg timestamp="20211027 07:11:05.144" level="INFO">Fills the text 'admin@bodytest.com' in the given field.</msg>
<status status="PASS" starttime="20211027 07:11:05.144" endtime="20211027 07:11:05.198"/>
</kw>
<kw name="Fill Text" library="Browser">
<arg>css=input[name=password]</arg>
<arg>${pass}</arg>
<tag>PageContent</tag>
<tag>Setter</tag>
<doc>Clears and fills the given ``txt`` into the text field found by ``selector``.</doc>
<msg timestamp="20211027 07:11:05.198" level="INFO">Fills the text 'pwd123' in the given field.</msg>
<status status="PASS" starttime="20211027 07:11:05.198" endtime="20211027 07:11:05.225"/>
</kw>
<kw name="Click" library="Browser">
<arg>text=Entrar</arg>
<tag>PageContent</tag>
<tag>Setter</tag>
<doc>Simulates mouse click on the element found by ``selector``.</doc>
<status status="PASS" starttime="20211027 07:11:05.225" endtime="20211027 07:11:05.289"/>
</kw>
<status status="PASS" starttime="20211027 07:11:05.143" endtime="20211027 07:11:05.289"/>
</kw>
<kw name="User Should Be Logged In" library="nav">
<arg>Administrador</arg>
<kw name="Get Text" library="Browser">
<arg>css=aside strong</arg>
<arg>Should be</arg>
<arg>${user_name}</arg>
<tag>Assertion</tag>
<tag>Getter</tag>
<tag>PageContent</tag>
<doc>Returns text attribute of the element found by ``selector``.</doc>
<status status="PASS" starttime="20211027 07:11:05.291" endtime="20211027 07:11:06.331"/>
</kw>
<status status="PASS" starttime="20211027 07:11:05.290" endtime="20211027 07:11:06.331"/>
</kw>
<kw name="Take Screenshot" library="Browser">
<tag>PageContent</tag>
<doc>Takes a screenshot of the current window or element and saves it to disk.</doc>
<msg timestamp="20211027 07:11:06.486" level="INFO" html="true">&lt;/td&gt;&lt;/tr&gt;&lt;tr&gt;&lt;td colspan="3"&gt;&lt;a href="browser/screenshot/robotframework-browser-screenshot-1.png"&gt;&lt;img src="browser/screenshot/robotframework-browser-screenshot-1.png" width="800px"&gt;&lt;/a&gt;</msg>
<status status="PASS" starttime="20211027 07:11:06.332" endtime="20211027 07:11:06.486"/>
</kw>
<status status="PASS" starttime="20211027 07:11:02.697" endtime="20211027 07:11:06.487"/>
</test>
<test id="s1-t2" name="Senha Incorreta">
<kw name="Go To Login Page" library="auth">
<kw name="Go To" library="Browser">
<arg>https://bodytest-web-rogerio.herokuapp.com</arg>
<tag>BrowserControl</tag>
<tag>Setter</tag>
<doc>Navigates to the given ``url``.</doc>
<msg timestamp="20211027 07:11:07.129" level="INFO">Successfully opened URL https://bodytest-web-rogerio.herokuapp.com</msg>
<status status="PASS" starttime="20211027 07:11:06.498" endtime="20211027 07:11:07.129"/>
</kw>
<status status="PASS" starttime="20211027 07:11:06.498" endtime="20211027 07:11:07.129"/>
</kw>
<kw name="Login With" library="auth">
<arg>admin@bodytest.com</arg>
<arg>pasd123</arg>
<kw name="Fill Text" library="Browser">
<arg>css=input[name=email]</arg>
<arg>${email}</arg>
<tag>PageContent</tag>
<tag>Setter</tag>
<doc>Clears and fills the given ``txt`` into the text field found by ``selector``.</doc>
<msg timestamp="20211027 07:11:07.131" level="INFO">Fills the text 'admin@bodytest.com' in the given field.</msg>
<msg timestamp="20211027 07:11:17.294" level="INFO" html="true">&lt;/td&gt;&lt;/tr&gt;&lt;tr&gt;&lt;td colspan="3"&gt;&lt;a href="browser/screenshot/fail-screenshot-1.png"&gt;&lt;img src="browser/screenshot/fail-screenshot-1.png" width="800px"&gt;&lt;/a&gt;</msg>
<msg timestamp="20211027 07:11:17.297" level="FAIL">TimeoutError: page.fill: Timeout 10000ms exceeded.
=========================== logs ===========================
waiting for selector "css=input[name=email]"
============================================================</msg>
<status status="FAIL" starttime="20211027 07:11:07.130" endtime="20211027 07:11:17.297"/>
</kw>
<kw name="Fill Text" library="Browser">
<arg>css=input[name=password]</arg>
<arg>${pass}</arg>
<tag>PageContent</tag>
<tag>Setter</tag>
<doc>Clears and fills the given ``txt`` into the text field found by ``selector``.</doc>
<status status="NOT RUN" starttime="20211027 07:11:17.298" endtime="20211027 07:11:17.298"/>
</kw>
<kw name="Click" library="Browser">
<arg>text=Entrar</arg>
<tag>PageContent</tag>
<tag>Setter</tag>
<doc>Simulates mouse click on the element found by ``selector``.</doc>
<status status="NOT RUN" starttime="20211027 07:11:17.298" endtime="20211027 07:11:17.298"/>
</kw>
<status status="FAIL" starttime="20211027 07:11:07.130" endtime="20211027 07:11:17.298"/>
</kw>
<kw name="Toaster Text Should Be" library="auth">
<arg>Usuário ou senha inválido</arg>
<status status="NOT RUN" starttime="20211027 07:11:17.299" endtime="20211027 07:11:17.299"/>
</kw>
<status status="FAIL" starttime="20211027 07:11:06.493" endtime="20211027 07:11:17.299">TimeoutError: page.fill: Timeout 10000ms exceeded.
=========================== logs ===========================
waiting for selector "css=input[name=email]"
============================================================</status>
</test>
<test id="s1-t3" name="Email incorreto">
<kw name="Go To Login Page" library="auth">
<kw name="Go To" library="Browser">
<arg>https://bodytest-web-rogerio.herokuapp.com</arg>
<tag>BrowserControl</tag>
<tag>Setter</tag>
<doc>Navigates to the given ``url``.</doc>
<msg timestamp="20211027 07:11:17.947" level="INFO">Successfully opened URL https://bodytest-web-rogerio.herokuapp.com</msg>
<status status="PASS" starttime="20211027 07:11:17.312" endtime="20211027 07:11:17.948"/>
</kw>
<status status="PASS" starttime="20211027 07:11:17.311" endtime="20211027 07:11:17.948"/>
</kw>
<kw name="Login With" library="auth">
<arg>admin&amp;bodytest.com.br</arg>
<arg>pwd123</arg>
<kw name="Fill Text" library="Browser">
<arg>css=input[name=email]</arg>
<arg>${email}</arg>
<tag>PageContent</tag>
<tag>Setter</tag>
<doc>Clears and fills the given ``txt`` into the text field found by ``selector``.</doc>
<msg timestamp="20211027 07:11:17.950" level="INFO">Fills the text 'admin&amp;bodytest.com.br' in the given field.</msg>
<status status="PASS" starttime="20211027 07:11:17.950" endtime="20211027 07:11:18.837"/>
</kw>
<kw name="Fill Text" library="Browser">
<arg>css=input[name=password]</arg>
<arg>${pass}</arg>
<tag>PageContent</tag>
<tag>Setter</tag>
<doc>Clears and fills the given ``txt`` into the text field found by ``selector``.</doc>
<msg timestamp="20211027 07:11:18.839" level="INFO">Fills the text 'pwd123' in the given field.</msg>
<status status="PASS" starttime="20211027 07:11:18.838" endtime="20211027 07:11:18.881"/>
</kw>
<kw name="Click" library="Browser">
<arg>text=Entrar</arg>
<tag>PageContent</tag>
<tag>Setter</tag>
<doc>Simulates mouse click on the element found by ``selector``.</doc>
<status status="PASS" starttime="20211027 07:11:18.881" endtime="20211027 07:11:18.958"/>
</kw>
<status status="PASS" starttime="20211027 07:11:17.949" endtime="20211027 07:11:18.959"/>
</kw>
<kw name="Alert Text Should Be" library="auth">
<arg>Informe um e-mail válido</arg>
<kw name="Wait For Elements State" library="Browser">
<arg>css=form span &gt;&gt; text=${expect_text}</arg>
<arg>visible</arg>
<arg>5</arg>
<tag>PageContent</tag>
<tag>Wait</tag>
<doc>Waits for the element found by ``selector`` to satisfy state option.</doc>
<msg timestamp="20211027 07:11:18.987" level="INFO">Wait for Element with selector: css=form span &gt;&gt; text=Informe um e-mail válido</msg>
<status status="PASS" starttime="20211027 07:11:18.961" endtime="20211027 07:11:18.987"/>
</kw>
<status status="PASS" starttime="20211027 07:11:18.960" endtime="20211027 07:11:18.987"/>
</kw>
<status status="PASS" starttime="20211027 07:11:17.306" endtime="20211027 07:11:18.989"/>
</test>
<test id="s1-t4" name="Senha não informada">
<kw name="Go To Login Page" library="auth">
<kw name="Go To" library="Browser">
<arg>https://bodytest-web-rogerio.herokuapp.com</arg>
<tag>BrowserControl</tag>
<tag>Setter</tag>
<doc>Navigates to the given ``url``.</doc>
<msg timestamp="20211027 07:11:19.628" level="INFO">Successfully opened URL https://bodytest-web-rogerio.herokuapp.com</msg>
<status status="PASS" starttime="20211027 07:11:19.009" endtime="20211027 07:11:19.629"/>
</kw>
<status status="PASS" starttime="20211027 07:11:19.008" endtime="20211027 07:11:19.629"/>
</kw>
<kw name="Login With" library="auth">
<arg>admin@bodytest.com</arg>
<arg>${EMPTY}</arg>
<kw name="Fill Text" library="Browser">
<arg>css=input[name=email]</arg>
<arg>${email}</arg>
<tag>PageContent</tag>
<tag>Setter</tag>
<doc>Clears and fills the given ``txt`` into the text field found by ``selector``.</doc>
<msg timestamp="20211027 07:11:19.631" level="INFO">Fills the text 'admin@bodytest.com' in the given field.</msg>
<status status="PASS" starttime="20211027 07:11:19.631" endtime="20211027 07:11:19.661"/>
</kw>
<kw name="Fill Text" library="Browser">
<arg>css=input[name=password]</arg>
<arg>${pass}</arg>
<tag>PageContent</tag>
<tag>Setter</tag>
<doc>Clears and fills the given ``txt`` into the text field found by ``selector``.</doc>
<msg timestamp="20211027 07:11:19.662" level="INFO">Fills the text '' in the given field.</msg>
<status status="PASS" starttime="20211027 07:11:19.662" endtime="20211027 07:11:19.687"/>
</kw>
<kw name="Click" library="Browser">
<arg>text=Entrar</arg>
<tag>PageContent</tag>
<tag>Setter</tag>
<doc>Simulates mouse click on the element found by ``selector``.</doc>
<status status="PASS" starttime="20211027 07:11:19.687" endtime="20211027 07:11:19.749"/>
</kw>
<status status="PASS" starttime="20211027 07:11:19.630" endtime="20211027 07:11:19.749"/>
</kw>
<kw name="Alert Text Should Be" library="auth">
<arg>A senha é obrigatória</arg>
<kw name="Wait For Elements State" library="Browser">
<arg>css=form span &gt;&gt; text=${expect_text}</arg>
<arg>visible</arg>
<arg>5</arg>
<tag>PageContent</tag>
<tag>Wait</tag>
<doc>Waits for the element found by ``selector`` to satisfy state option.</doc>
<msg timestamp="20211027 07:11:19.769" level="INFO">Wait for Element with selector: css=form span &gt;&gt; text=A senha é obrigatória</msg>
<status status="PASS" starttime="20211027 07:11:19.751" endtime="20211027 07:11:19.769"/>
</kw>
<status status="PASS" starttime="20211027 07:11:19.750" endtime="20211027 07:11:19.769"/>
</kw>
<status status="PASS" starttime="20211027 07:11:18.999" endtime="20211027 07:11:19.770"/>
</test>
<test id="s1-t5" name="Email não informado">
<kw name="Go To Login Page" library="auth">
<kw name="Go To" library="Browser">
<arg>https://bodytest-web-rogerio.herokuapp.com</arg>
<tag>BrowserControl</tag>
<tag>Setter</tag>
<doc>Navigates to the given ``url``.</doc>
<msg timestamp="20211027 07:11:20.390" level="INFO">Successfully opened URL https://bodytest-web-rogerio.herokuapp.com</msg>
<status status="PASS" starttime="20211027 07:11:19.782" endtime="20211027 07:11:20.390"/>
</kw>
<status status="PASS" starttime="20211027 07:11:19.781" endtime="20211027 07:11:20.391"/>
</kw>
<kw name="Login With" library="auth">
<arg>${EMPTY}</arg>
<arg>pwd123</arg>
<kw name="Fill Text" library="Browser">
<arg>css=input[name=email]</arg>
<arg>${email}</arg>
<tag>PageContent</tag>
<tag>Setter</tag>
<doc>Clears and fills the given ``txt`` into the text field found by ``selector``.</doc>
<msg timestamp="20211027 07:11:20.393" level="INFO">Fills the text '' in the given field.</msg>
<status status="PASS" starttime="20211027 07:11:20.393" endtime="20211027 07:11:20.421"/>
</kw>
<kw name="Fill Text" library="Browser">
<arg>css=input[name=password]</arg>
<arg>${pass}</arg>
<tag>PageContent</tag>
<tag>Setter</tag>
<doc>Clears and fills the given ``txt`` into the text field found by ``selector``.</doc>
<msg timestamp="20211027 07:11:20.422" level="INFO">Fills the text 'pwd123' in the given field.</msg>
<status status="PASS" starttime="20211027 07:11:20.421" endtime="20211027 07:11:20.449"/>
</kw>
<kw name="Click" library="Browser">
<arg>text=Entrar</arg>
<tag>PageContent</tag>
<tag>Setter</tag>
<doc>Simulates mouse click on the element found by ``selector``.</doc>
<status status="PASS" starttime="20211027 07:11:20.449" endtime="20211027 07:11:20.508"/>
</kw>
<status status="PASS" starttime="20211027 07:11:20.392" endtime="20211027 07:11:20.508"/>
</kw>
<kw name="Alert Text Should Be" library="auth">
<arg>O e-mail é obrigatório</arg>
<kw name="Wait For Elements State" library="Browser">
<arg>css=form span &gt;&gt; text=${expect_text}</arg>
<arg>visible</arg>
<arg>5</arg>
<tag>PageContent</tag>
<tag>Wait</tag>
<doc>Waits for the element found by ``selector`` to satisfy state option.</doc>
<msg timestamp="20211027 07:11:20.527" level="INFO">Wait for Element with selector: css=form span &gt;&gt; text=O e-mail é obrigatório</msg>
<status status="PASS" starttime="20211027 07:11:20.510" endtime="20211027 07:11:20.528"/>
</kw>
<status status="PASS" starttime="20211027 07:11:20.509" endtime="20211027 07:11:20.528"/>
</kw>
<status status="PASS" starttime="20211027 07:11:19.777" endtime="20211027 07:11:20.528"/>
</test>
<test id="s1-t6" name="Email e senha não informado">
<kw name="Go To Login Page" library="auth">
<kw name="Go To" library="Browser">
<arg>https://bodytest-web-rogerio.herokuapp.com</arg>
<tag>BrowserControl</tag>
<tag>Setter</tag>
<doc>Navigates to the given ``url``.</doc>
<msg timestamp="20211027 07:11:21.147" level="INFO">Successfully opened URL https://bodytest-web-rogerio.herokuapp.com</msg>
<status status="PASS" starttime="20211027 07:11:20.538" endtime="20211027 07:11:21.148"/>
</kw>
<status status="PASS" starttime="20211027 07:11:20.537" endtime="20211027 07:11:21.148"/>
</kw>
<kw name="Login With" library="auth">
<arg>${EMPTY}</arg>
<arg>${EMPTY}</arg>
<kw name="Fill Text" library="Browser">
<arg>css=input[name=email]</arg>
<arg>${email}</arg>
<tag>PageContent</tag>
<tag>Setter</tag>
<doc>Clears and fills the given ``txt`` into the text field found by ``selector``.</doc>
<msg timestamp="20211027 07:11:21.151" level="INFO">Fills the text '' in the given field.</msg>
<status status="PASS" starttime="20211027 07:11:21.151" endtime="20211027 07:11:21.180"/>
</kw>
<kw name="Fill Text" library="Browser">
<arg>css=input[name=password]</arg>
<arg>${pass}</arg>
<tag>PageContent</tag>
<tag>Setter</tag>
<doc>Clears and fills the given ``txt`` into the text field found by ``selector``.</doc>
<msg timestamp="20211027 07:11:21.180" level="INFO">Fills the text '' in the given field.</msg>
<status status="PASS" starttime="20211027 07:11:21.180" endtime="20211027 07:11:21.202"/>
</kw>
<kw name="Click" library="Browser">
<arg>text=Entrar</arg>
<tag>PageContent</tag>
<tag>Setter</tag>
<doc>Simulates mouse click on the element found by ``selector``.</doc>
<status status="PASS" starttime="20211027 07:11:21.202" endtime="20211027 07:11:21.261"/>
</kw>
<status status="PASS" starttime="20211027 07:11:21.149" endtime="20211027 07:11:21.261"/>
</kw>
<kw name="Alert Text Should Be" library="auth">
<arg>O e-mail é obrigatório</arg>
<kw name="Wait For Elements State" library="Browser">
<arg>css=form span &gt;&gt; text=${expect_text}</arg>
<arg>visible</arg>
<arg>5</arg>
<tag>PageContent</tag>
<tag>Wait</tag>
<doc>Waits for the element found by ``selector`` to satisfy state option.</doc>
<msg timestamp="20211027 07:11:21.278" level="INFO">Wait for Element with selector: css=form span &gt;&gt; text=O e-mail é obrigatório</msg>
<status status="PASS" starttime="20211027 07:11:21.262" endtime="20211027 07:11:21.278"/>
</kw>
<status status="PASS" starttime="20211027 07:11:21.262" endtime="20211027 07:11:21.278"/>
</kw>
<kw name="Alert Text Should Be" library="auth">
<arg>A senha é obrigatória</arg>
<kw name="Wait For Elements State" library="Browser">
<arg>css=form span &gt;&gt; text=${expect_text}</arg>
<arg>visible</arg>
<arg>5</arg>
<tag>PageContent</tag>
<tag>Wait</tag>
<doc>Waits for the element found by ``selector`` to satisfy state option.</doc>
<msg timestamp="20211027 07:11:21.294" level="INFO">Wait for Element with selector: css=form span &gt;&gt; text=A senha é obrigatória</msg>
<status status="PASS" starttime="20211027 07:11:21.279" endtime="20211027 07:11:21.294"/>
</kw>
<status status="PASS" starttime="20211027 07:11:21.279" endtime="20211027 07:11:21.295"/>
</kw>
<status status="PASS" starttime="20211027 07:11:20.533" endtime="20211027 07:11:21.295"/>
</test>
<doc>Nova versão do login</doc>
<status status="FAIL" starttime="20211027 07:11:00.584" endtime="20211027 07:11:21.300"/>
</suite>
<statistics>
<total>
<stat pass="5" fail="1" skip="0">All Tests</stat>
</total>
<tag>
</tag>
<suite>
<stat pass="5" fail="1" skip="0" id="s1" name="Login">Login</stat>
</suite>
</statistics>
<errors>
</errors>
</robot>
