<?xml version="1.0" encoding="UTF-8"?>
<robot generator="Robot 4.1.1 (Python 3.9.7 on win32)" generated="20211026 19:07:18.777" rpa="false" schemaversion="2">
<suite id="s1" name="Login" source="C:\RobotXpert\bodytest\tests\login.robot">
<kw name="Start Browser Session" library="base" type="SETUP">
<kw name="New Browser" library="Browser">
<arg>chromium</arg>
<arg>False</arg>
<tag>BrowserControl</tag>
<tag>Setter</tag>
<doc>Create a new playwright Browser with specified options.</doc>
<msg timestamp="20211026 19:07:20.075" level="INFO">{"browser": "chromium", "headless": false, "handleSIGINT": true, "handleSIGTERM": true, "handleSIGHUP": true, "timeout": 30000.0, "devtools": false, "slowMo": 0.0, "tracesDir": "C:\\RobotXpert\\bodytest\\logs\\browser\\traces\\8073a9e1-bd66-487e-9574-ab3cccc7c5df"}</msg>
<msg timestamp="20211026 19:07:20.498" level="INFO">Successfully created browser with options: {"browser":"chromium","headless":false,"handleSIGINT":true,"handleSIGTERM":true,"handleSIGHUP":true,"timeout":30000,"devtools":false,"slowMo":0,"tracesDir":"C:\\RobotXpert\\bodytest\\logs\\browser\\traces\\8073a9e1-bd66-487e-9574-ab3cccc7c5df"}</msg>
<status status="PASS" starttime="20211026 19:07:20.074" endtime="20211026 19:07:20.498"/>
</kw>
<kw name="New Page" library="Browser">
<arg>about:blank</arg>
<tag>BrowserControl</tag>
<tag>Setter</tag>
<doc>Open a new Page. A Page is the Playwright equivalent to a tab.
See `Browser, Context and Page` for more information about Page concept.
Returns a stable identifier for the created page.</doc>
<msg timestamp="20211026 19:07:20.851" level="INFO">Successfully initialized new page object and opened url: about:blank</msg>
<msg timestamp="20211026 19:07:20.851" level="INFO">No context was open. New context was automatically opened when this page is created.</msg>
<status status="PASS" starttime="20211026 19:07:20.498" endtime="20211026 19:07:20.851"/>
</kw>
<status status="PASS" starttime="20211026 19:07:20.074" endtime="20211026 19:07:20.852"/>
</kw>
<test id="s1-t1" name="Login do administrador">
<kw name="Go To Login Page" library="auth">
<kw name="Go To" library="Browser">
<arg>https://bodytest-web-rogerio.herokuapp.com</arg>
<tag>BrowserControl</tag>
<tag>Setter</tag>
<doc>Navigates to the given ``url``.</doc>
<msg timestamp="20211026 19:07:24.209" level="INFO">Successfully opened URL https://bodytest-web-rogerio.herokuapp.com</msg>
<status status="PASS" starttime="20211026 19:07:20.864" endtime="20211026 19:07:24.209"/>
</kw>
<status status="PASS" starttime="20211026 19:07:20.863" endtime="20211026 19:07:24.210"/>
</kw>
<kw name="Login With" library="auth">
<arg>admin@bodytest.com</arg>
<arg>pwd123</arg>
<kw name="Fill Text" library="Browser">
<arg>css=input[name=email]</arg>
<arg>${email}</arg>
<tag>PageContent</tag>
<tag>Setter</tag>
<doc>Clears and fills the given ``txt`` into the text field found by ``selector``.</doc>
<msg timestamp="20211026 19:07:24.212" level="INFO">Fills the text 'admin@bodytest.com' in the given field.</msg>
<status status="PASS" starttime="20211026 19:07:24.211" endtime="20211026 19:07:24.261"/>
</kw>
<kw name="Fill Text" library="Browser">
<arg>css=input[placeholder*=senha]</arg>
<arg>${pass}</arg>
<tag>PageContent</tag>
<tag>Setter</tag>
<doc>Clears and fills the given ``txt`` into the text field found by ``selector``.</doc>
<msg timestamp="20211026 19:07:24.261" level="INFO">Fills the text 'pwd123' in the given field.</msg>
<status status="PASS" starttime="20211026 19:07:24.261" endtime="20211026 19:07:24.287"/>
</kw>
<kw name="Click" library="Browser">
<arg>text=Entrar</arg>
<tag>PageContent</tag>
<tag>Setter</tag>
<doc>Simulates mouse click on the element found by ``selector``.</doc>
<status status="PASS" starttime="20211026 19:07:24.287" endtime="20211026 19:07:24.357"/>
</kw>
<status status="PASS" starttime="20211026 19:07:24.210" endtime="20211026 19:07:24.357"/>
</kw>
<kw name="User Should Be Logged In" library="nav">
<arg>Administrador</arg>
<kw name="Get Text" library="Browser">
<arg>css=aside strong</arg>
<arg>Should be</arg>
<arg>${user_name}</arg>
<tag>Assertion</tag>
<tag>Getter</tag>
<tag>PageContent</tag>
<doc>Returns text attribute of the element found by ``selector``.</doc>
<status status="PASS" starttime="20211026 19:07:24.359" endtime="20211026 19:07:25.364"/>
</kw>
<status status="PASS" starttime="20211026 19:07:24.358" endtime="20211026 19:07:25.364"/>
</kw>
<kw name="Take Screenshot" library="Browser">
<tag>PageContent</tag>
<doc>Takes a screenshot of the current window or element and saves it to disk.</doc>
<msg timestamp="20211026 19:07:25.503" level="INFO" html="true">&lt;/td&gt;&lt;/tr&gt;&lt;tr&gt;&lt;td colspan="3"&gt;&lt;a href="browser/screenshot/robotframework-browser-screenshot-1.png"&gt;&lt;img src="browser/screenshot/robotframework-browser-screenshot-1.png" width="800px"&gt;&lt;/a&gt;</msg>
<status status="PASS" starttime="20211026 19:07:25.366" endtime="20211026 19:07:25.503"/>
</kw>
<status status="PASS" starttime="20211026 19:07:20.852" endtime="20211026 19:07:25.504"/>
</test>
<test id="s1-t2" name="Senha Incorreta">
<kw name="Go To Login Page" library="auth">
<kw name="Go To" library="Browser">
<arg>https://bodytest-web-rogerio.herokuapp.com</arg>
<tag>BrowserControl</tag>
<tag>Setter</tag>
<doc>Navigates to the given ``url``.</doc>
<msg timestamp="20211026 19:07:26.152" level="INFO">Successfully opened URL https://bodytest-web-rogerio.herokuapp.com</msg>
<status status="PASS" starttime="20211026 19:07:25.515" endtime="20211026 19:07:26.152"/>
</kw>
<status status="PASS" starttime="20211026 19:07:25.515" endtime="20211026 19:07:26.152"/>
</kw>
<kw name="Login With" library="auth">
<arg>admin@bodytest.com</arg>
<arg>pasd123</arg>
<kw name="Fill Text" library="Browser">
<arg>css=input[name=email]</arg>
<arg>${email}</arg>
<tag>PageContent</tag>
<tag>Setter</tag>
<doc>Clears and fills the given ``txt`` into the text field found by ``selector``.</doc>
<msg timestamp="20211026 19:07:26.154" level="INFO">Fills the text 'admin@bodytest.com' in the given field.</msg>
<msg timestamp="20211026 19:07:36.315" level="INFO" html="true">&lt;/td&gt;&lt;/tr&gt;&lt;tr&gt;&lt;td colspan="3"&gt;&lt;a href="browser/screenshot/fail-screenshot-1.png"&gt;&lt;img src="browser/screenshot/fail-screenshot-1.png" width="800px"&gt;&lt;/a&gt;</msg>
<msg timestamp="20211026 19:07:36.318" level="FAIL">TimeoutError: page.fill: Timeout 10000ms exceeded.
=========================== logs ===========================
waiting for selector "css=input[name=email]"
============================================================</msg>
<status status="FAIL" starttime="20211026 19:07:26.153" endtime="20211026 19:07:36.318"/>
</kw>
<kw name="Fill Text" library="Browser">
<arg>css=input[placeholder*=senha]</arg>
<arg>${pass}</arg>
<tag>PageContent</tag>
<tag>Setter</tag>
<doc>Clears and fills the given ``txt`` into the text field found by ``selector``.</doc>
<status status="NOT RUN" starttime="20211026 19:07:36.319" endtime="20211026 19:07:36.319"/>
</kw>
<kw name="Click" library="Browser">
<arg>text=Entrar</arg>
<tag>PageContent</tag>
<tag>Setter</tag>
<doc>Simulates mouse click on the element found by ``selector``.</doc>
<status status="NOT RUN" starttime="20211026 19:07:36.319" endtime="20211026 19:07:36.319"/>
</kw>
<status status="FAIL" starttime="20211026 19:07:26.153" endtime="20211026 19:07:36.319"/>
</kw>
<kw name="Toaster Text Should Be" library="auth">
<arg>Usuário ou senha inválido</arg>
<status status="NOT RUN" starttime="20211026 19:07:36.320" endtime="20211026 19:07:36.320"/>
</kw>
<status status="FAIL" starttime="20211026 19:07:25.510" endtime="20211026 19:07:36.321">TimeoutError: page.fill: Timeout 10000ms exceeded.
=========================== logs ===========================
waiting for selector "css=input[name=email]"
============================================================</status>
</test>
<test id="s1-t3" name="Email incorreto">
<kw name="Go To Login Page" library="auth">
<kw name="Go To" library="Browser">
<arg>https://bodytest-web-rogerio.herokuapp.com</arg>
<tag>BrowserControl</tag>
<tag>Setter</tag>
<doc>Navigates to the given ``url``.</doc>
<msg timestamp="20211026 19:07:36.999" level="INFO">Successfully opened URL https://bodytest-web-rogerio.herokuapp.com</msg>
<status status="PASS" starttime="20211026 19:07:36.331" endtime="20211026 19:07:37.000"/>
</kw>
<status status="PASS" starttime="20211026 19:07:36.331" endtime="20211026 19:07:37.000"/>
</kw>
<kw name="Login With" library="auth">
<arg>admin&amp;bodytest.com.br</arg>
<arg>pwd123</arg>
<kw name="Fill Text" library="Browser">
<arg>css=input[name=email]</arg>
<arg>${email}</arg>
<tag>PageContent</tag>
<tag>Setter</tag>
<doc>Clears and fills the given ``txt`` into the text field found by ``selector``.</doc>
<msg timestamp="20211026 19:07:37.002" level="INFO">Fills the text 'admin&amp;bodytest.com.br' in the given field.</msg>
<msg timestamp="20211026 19:07:47.249" level="INFO" html="true">&lt;/td&gt;&lt;/tr&gt;&lt;tr&gt;&lt;td colspan="3"&gt;&lt;a href="browser/screenshot/fail-screenshot-2.png"&gt;&lt;img src="browser/screenshot/fail-screenshot-2.png" width="800px"&gt;&lt;/a&gt;</msg>
<msg timestamp="20211026 19:07:47.253" level="FAIL">TimeoutError: page.fill: Timeout 10000ms exceeded.
=========================== logs ===========================
waiting for selector "css=input[name=email]"
============================================================</msg>
<status status="FAIL" starttime="20211026 19:07:37.001" endtime="20211026 19:07:47.253"/>
</kw>
<kw name="Fill Text" library="Browser">
<arg>css=input[placeholder*=senha]</arg>
<arg>${pass}</arg>
<tag>PageContent</tag>
<tag>Setter</tag>
<doc>Clears and fills the given ``txt`` into the text field found by ``selector``.</doc>
<status status="NOT RUN" starttime="20211026 19:07:47.255" endtime="20211026 19:07:47.255"/>
</kw>
<kw name="Click" library="Browser">
<arg>text=Entrar</arg>
<tag>PageContent</tag>
<tag>Setter</tag>
<doc>Simulates mouse click on the element found by ``selector``.</doc>
<status status="NOT RUN" starttime="20211026 19:07:47.255" endtime="20211026 19:07:47.255"/>
</kw>
<status status="FAIL" starttime="20211026 19:07:37.001" endtime="20211026 19:07:47.256"/>
</kw>
<kw name="Alert Text Should Be" library="auth">
<arg>Informe um e-mail válido</arg>
<status status="NOT RUN" starttime="20211026 19:07:47.258" endtime="20211026 19:07:47.258"/>
</kw>
<status status="FAIL" starttime="20211026 19:07:36.326" endtime="20211026 19:07:47.258">TimeoutError: page.fill: Timeout 10000ms exceeded.
=========================== logs ===========================
waiting for selector "css=input[name=email]"
============================================================</status>
</test>
<test id="s1-t4" name="Senha não informada">
<kw name="Go To Login Page" library="auth">
<kw name="Go To" library="Browser">
<arg>https://bodytest-web-rogerio.herokuapp.com</arg>
<tag>BrowserControl</tag>
<tag>Setter</tag>
<doc>Navigates to the given ``url``.</doc>
<msg timestamp="20211026 19:07:48.001" level="INFO">Successfully opened URL https://bodytest-web-rogerio.herokuapp.com</msg>
<status status="PASS" starttime="20211026 19:07:47.275" endtime="20211026 19:07:48.002"/>
</kw>
<status status="PASS" starttime="20211026 19:07:47.274" endtime="20211026 19:07:48.002"/>
</kw>
<kw name="Login With" library="auth">
<arg>admin@bodytest.com</arg>
<arg>${EMPTY}</arg>
<kw name="Fill Text" library="Browser">
<arg>css=input[name=email]</arg>
<arg>${email}</arg>
<tag>PageContent</tag>
<tag>Setter</tag>
<doc>Clears and fills the given ``txt`` into the text field found by ``selector``.</doc>
<msg timestamp="20211026 19:07:48.005" level="INFO">Fills the text 'admin@bodytest.com' in the given field.</msg>
<msg timestamp="20211026 19:07:58.231" level="INFO" html="true">&lt;/td&gt;&lt;/tr&gt;&lt;tr&gt;&lt;td colspan="3"&gt;&lt;a href="browser/screenshot/fail-screenshot-3.png"&gt;&lt;img src="browser/screenshot/fail-screenshot-3.png" width="800px"&gt;&lt;/a&gt;</msg>
<msg timestamp="20211026 19:07:58.234" level="FAIL">TimeoutError: page.fill: Timeout 10000ms exceeded.
=========================== logs ===========================
waiting for selector "css=input[name=email]"
============================================================</msg>
<status status="FAIL" starttime="20211026 19:07:48.005" endtime="20211026 19:07:58.234"/>
</kw>
<kw name="Fill Text" library="Browser">
<arg>css=input[placeholder*=senha]</arg>
<arg>${pass}</arg>
<tag>PageContent</tag>
<tag>Setter</tag>
<doc>Clears and fills the given ``txt`` into the text field found by ``selector``.</doc>
<status status="NOT RUN" starttime="20211026 19:07:58.235" endtime="20211026 19:07:58.235"/>
</kw>
<kw name="Click" library="Browser">
<arg>text=Entrar</arg>
<tag>PageContent</tag>
<tag>Setter</tag>
<doc>Simulates mouse click on the element found by ``selector``.</doc>
<status status="NOT RUN" starttime="20211026 19:07:58.235" endtime="20211026 19:07:58.235"/>
</kw>
<status status="FAIL" starttime="20211026 19:07:48.003" endtime="20211026 19:07:58.237"/>
</kw>
<kw name="Alert Text Should Be" library="auth">
<arg>A senha é obrigatória</arg>
<status status="NOT RUN" starttime="20211026 19:07:58.238" endtime="20211026 19:07:58.238"/>
</kw>
<status status="FAIL" starttime="20211026 19:07:47.268" endtime="20211026 19:07:58.239">TimeoutError: page.fill: Timeout 10000ms exceeded.
=========================== logs ===========================
waiting for selector "css=input[name=email]"
============================================================</status>
</test>
<test id="s1-t5" name="Email não informado">
<kw name="Go To Login Page" library="auth">
<kw name="Go To" library="Browser">
<arg>https://bodytest-web-rogerio.herokuapp.com</arg>
<tag>BrowserControl</tag>
<tag>Setter</tag>
<doc>Navigates to the given ``url``.</doc>
<msg timestamp="20211026 19:07:58.990" level="INFO">Successfully opened URL https://bodytest-web-rogerio.herokuapp.com</msg>
<status status="PASS" starttime="20211026 19:07:58.257" endtime="20211026 19:07:58.991"/>
</kw>
<status status="PASS" starttime="20211026 19:07:58.255" endtime="20211026 19:07:58.991"/>
</kw>
<kw name="Login With" library="auth">
<arg>${EMPTY}</arg>
<arg>pwd123</arg>
<kw name="Fill Text" library="Browser">
<arg>css=input[name=email]</arg>
<arg>${email}</arg>
<tag>PageContent</tag>
<tag>Setter</tag>
<doc>Clears and fills the given ``txt`` into the text field found by ``selector``.</doc>
<msg timestamp="20211026 19:07:58.994" level="INFO">Fills the text '' in the given field.</msg>
<msg timestamp="20211026 19:08:09.150" level="INFO" html="true">&lt;/td&gt;&lt;/tr&gt;&lt;tr&gt;&lt;td colspan="3"&gt;&lt;a href="browser/screenshot/fail-screenshot-4.png"&gt;&lt;img src="browser/screenshot/fail-screenshot-4.png" width="800px"&gt;&lt;/a&gt;</msg>
<msg timestamp="20211026 19:08:09.152" level="FAIL">TimeoutError: page.fill: Timeout 10000ms exceeded.
=========================== logs ===========================
waiting for selector "css=input[name=email]"
============================================================</msg>
<status status="FAIL" starttime="20211026 19:07:58.993" endtime="20211026 19:08:09.152"/>
</kw>
<kw name="Fill Text" library="Browser">
<arg>css=input[placeholder*=senha]</arg>
<arg>${pass}</arg>
<tag>PageContent</tag>
<tag>Setter</tag>
<doc>Clears and fills the given ``txt`` into the text field found by ``selector``.</doc>
<status status="NOT RUN" starttime="20211026 19:08:09.152" endtime="20211026 19:08:09.152"/>
</kw>
<kw name="Click" library="Browser">
<arg>text=Entrar</arg>
<tag>PageContent</tag>
<tag>Setter</tag>
<doc>Simulates mouse click on the element found by ``selector``.</doc>
<status status="NOT RUN" starttime="20211026 19:08:09.152" endtime="20211026 19:08:09.152"/>
</kw>
<status status="FAIL" starttime="20211026 19:07:58.992" endtime="20211026 19:08:09.153"/>
</kw>
<kw name="Alert Text Should Be" library="auth">
<arg>O e-mail é obrigatório</arg>
<status status="NOT RUN" starttime="20211026 19:08:09.154" endtime="20211026 19:08:09.154"/>
</kw>
<status status="FAIL" starttime="20211026 19:07:58.248" endtime="20211026 19:08:09.155">TimeoutError: page.fill: Timeout 10000ms exceeded.
=========================== logs ===========================
waiting for selector "css=input[name=email]"
============================================================</status>
</test>
<test id="s1-t6" name="Email e senha não informado">
<kw name="Go To Login Page" library="auth">
<kw name="Go To" library="Browser">
<arg>https://bodytest-web-rogerio.herokuapp.com</arg>
<tag>BrowserControl</tag>
<tag>Setter</tag>
<doc>Navigates to the given ``url``.</doc>
<msg timestamp="20211026 19:08:09.807" level="INFO">Successfully opened URL https://bodytest-web-rogerio.herokuapp.com</msg>
<status status="PASS" starttime="20211026 19:08:09.166" endtime="20211026 19:08:09.807"/>
</kw>
<status status="PASS" starttime="20211026 19:08:09.165" endtime="20211026 19:08:09.808"/>
</kw>
<kw name="Login With" library="auth">
<arg>${EMPTY}</arg>
<arg>${EMPTY}</arg>
<kw name="Fill Text" library="Browser">
<arg>css=input[name=email]</arg>
<arg>${email}</arg>
<tag>PageContent</tag>
<tag>Setter</tag>
<doc>Clears and fills the given ``txt`` into the text field found by ``selector``.</doc>
<msg timestamp="20211026 19:08:09.811" level="INFO">Fills the text '' in the given field.</msg>
<msg timestamp="20211026 19:08:14.971" level="WARN">Keyword 'Take Screenshot' could not be run on failure:
Error: page.screenshot: Target page, context or browser has been closed</msg>
<msg timestamp="20211026 19:08:14.973" level="FAIL">Error: page.fill: Target closed
=========================== logs ===========================
waiting for selector "css=input[name=email]"
============================================================</msg>
<status status="FAIL" starttime="20211026 19:08:09.810" endtime="20211026 19:08:14.973"/>
</kw>
<kw name="Fill Text" library="Browser">
<arg>css=input[placeholder*=senha]</arg>
<arg>${pass}</arg>
<tag>PageContent</tag>
<tag>Setter</tag>
<doc>Clears and fills the given ``txt`` into the text field found by ``selector``.</doc>
<status status="NOT RUN" starttime="20211026 19:08:14.974" endtime="20211026 19:08:14.974"/>
</kw>
<kw name="Click" library="Browser">
<arg>text=Entrar</arg>
<tag>PageContent</tag>
<tag>Setter</tag>
<doc>Simulates mouse click on the element found by ``selector``.</doc>
<status status="NOT RUN" starttime="20211026 19:08:14.974" endtime="20211026 19:08:14.974"/>
</kw>
<status status="FAIL" starttime="20211026 19:08:09.809" endtime="20211026 19:08:14.975"/>
</kw>
<kw name="Alert Text Should Be" library="auth">
<arg>O e-mail é obrigatório</arg>
<status status="NOT RUN" starttime="20211026 19:08:14.976" endtime="20211026 19:08:14.976"/>
</kw>
<kw name="Alert Text Should Be" library="auth">
<arg>A senha é obrigatória</arg>
<status status="NOT RUN" starttime="20211026 19:08:14.976" endtime="20211026 19:08:14.976"/>
</kw>
<status status="FAIL" starttime="20211026 19:08:09.160" endtime="20211026 19:08:14.977">Error: page.fill: Target closed
=========================== logs ===========================
waiting for selector "css=input[name=email]"
============================================================</status>
</test>
<doc>Nova versão do login</doc>
<status status="FAIL" starttime="20211026 19:07:18.778" endtime="20211026 19:08:15.007"/>
</suite>
<statistics>
<total>
<stat pass="1" fail="5" skip="0">All Tests</stat>
</total>
<tag>
</tag>
<suite>
<stat pass="1" fail="5" skip="0" id="s1" name="Login">Login</stat>
</suite>
</statistics>
<errors>
<msg timestamp="20211026 19:08:14.971" level="WARN">Keyword 'Take Screenshot' could not be run on failure:
Error: page.screenshot: Target page, context or browser has been closed</msg>
</errors>
</robot>
